TN:
SF:contracts/BullaClaimInvoiceProviderAdapter.sol
FN:18,BullaClaimInvoiceProviderAdapter.getInvoiceDetails
FNDA:301,BullaClaimInvoiceProviderAdapter.getInvoiceDetails
DA:19,301
DA:19,301
DA:19,301
DA:20,301
DA:20,301
DA:20,301
BRDA:20,0,0,300
BRDA:20,0,1,1
DA:20,1
DA:22,300
DA:22,300
DA:22,300
DA:23,300
DA:23,300
DA:23,300
DA:25,300
DA:25,300
DA:25,300
DA:35,0
DA:35,0
FN:38,BullaClaimInvoiceProviderAdapter.getInvoiceContractAddress
FNDA:364,BullaClaimInvoiceProviderAdapter.getInvoiceContractAddress
DA:39,364
DA:39,364
DA:39,364
FNF:2
FNH:2
LF:7
LH:6
BRF:2
BRH:2
end_of_record
TN:
SF:contracts/BullaFactoring.sol
FN:151,BullaFactoring.decimals
FNDA:0,BullaFactoring.decimals
DA:152,0
DA:152,0
DA:152,0
FN:157,BullaFactoring.approveInvoice
FNDA:70,BullaFactoring.approveInvoice
DA:158,70
DA:158,70
DA:158,70
DA:158,69
BRDA:158,0,0,68
BRDA:158,0,1,2
DA:158,2
DA:159,68
DA:159,68
BRDA:159,1,0,67
BRDA:159,1,1,1
DA:159,1
DA:160,67
DA:160,67
DA:160,67
DA:161,67
DA:161,67
DA:161,67
DA:162,66
DA:162,66
DA:162,66
BRDA:162,2,0,65
BRDA:162,2,1,1
DA:162,1
DA:164,65
DA:164,65
DA:177,65
DA:177,65
FN:185,BullaFactoring.calculateInterestAndProtocolFee
FNDA:51,BullaFactoring.calculateInterestAndProtocolFee
DA:186,51
DA:186,51
DA:187,51
DA:187,51
DA:187,51
DA:191,51
DA:191,51
DA:191,51
DA:195,51
DA:195,51
DA:195,51
DA:198,51
DA:198,51
DA:198,51
DA:198,51
DA:201,51
DA:201,51
DA:201,51
DA:204,51
DA:204,51
DA:207,51
DA:207,51
DA:209,51
DA:209,51
FN:217,BullaFactoring.calculateKickbackAmount
FNDA:46,BullaFactoring.calculateKickbackAmount
DA:218,46
DA:218,46
DA:220,46
DA:220,46
DA:220,46
DA:221,46
DA:221,46
DA:221,46
DA:223,46
DA:223,46
DA:226,46
DA:226,46
DA:226,46
DA:226,46
DA:226,46
DA:229,46
DA:229,46
DA:231,46
DA:231,46
FN:236,BullaFactoring.calculateRealizedGainLoss
FNDA:182,BullaFactoring.calculateRealizedGainLoss
DA:237,182
DA:237,182
DA:239,182
DA:239,182
DA:239,351
DA:239,351
DA:240,169
DA:240,169
DA:241,169
DA:241,169
DA:245,182
DA:245,182
DA:245,205
DA:245,205
DA:246,23
DA:246,23
DA:247,23
DA:247,23
DA:251,182
DA:251,182
DA:251,212
DA:251,212
DA:252,30
DA:252,30
DA:253,30
DA:253,30
BRDA:253,3,0,30
BRDA:253,3,1,5
DA:254,5
DA:254,5
DA:255,5
DA:255,5
DA:260,182
DA:260,182
DA:260,205
DA:260,205
DA:261,23
DA:261,23
DA:262,23
DA:262,23
DA:265,0
DA:265,0
FN:270,BullaFactoring.calculateCapitalAccount
FNDA:176,BullaFactoring.calculateCapitalAccount
DA:271,176
DA:271,176
DA:271,176
DA:273,176
DA:273,176
DA:273,176
DA:273,176
DA:273,176
DA:274,176
DA:274,176
DA:274,176
DA:276,176
DA:276,176
DA:276,176
FN:281,BullaFactoring.pricePerShare
FNDA:35,BullaFactoring.pricePerShare
DA:282,35
DA:282,35
DA:282,35
DA:283,35
DA:283,35
BRDA:283,4,0,33
BRDA:283,4,1,2
DA:284,2
DA:284,2
DA:287,33
DA:287,33
DA:287,33
DA:288,33
DA:288,33
DA:288,33
FN:294,BullaFactoring.convertToShares
FNDA:35,BullaFactoring.convertToShares
DA:295,35
DA:295,35
DA:295,35
DA:296,35
DA:296,35
BRDA:296,5,0,34
BRDA:296,5,1,1
DA:297,1
DA:297,1
DA:297,1
DA:299,34
DA:299,34
DA:299,34
DA:300,34
DA:300,34
DA:300,34
DA:301,34
DA:301,34
DA:301,34
FN:307,BullaFactoring.convertToAssets
FNDA:18,BullaFactoring.convertToAssets
DA:308,18
DA:308,18
DA:308,18
DA:309,18
DA:309,18
BRDA:309,6,0,18
BRDA:309,6,1,-
DA:310,0
DA:310,0
DA:312,18
DA:312,18
DA:312,18
DA:313,18
DA:313,18
DA:313,18
DA:314,18
DA:314,18
DA:314,18
DA:315,18
DA:315,18
DA:315,18
DA:316,18
DA:316,18
DA:316,18
DA:316,18
FN:324,BullaFactoring._deposit
FNDA:55,BullaFactoring._deposit
DA:325,55
DA:325,55
BRDA:325,7,0,55
BRDA:325,7,1,-
DA:325,3
DA:326,52
DA:326,52
DA:326,52
DA:327,52
DA:327,52
DA:327,52
DA:328,52
DA:328,52
DA:330,52
DA:330,52
DA:331,52
DA:331,52
BRDA:331,8,0,51
BRDA:331,8,1,1
DA:332,51
DA:332,51
DA:334,1
DA:334,1
DA:337,51
DA:337,51
DA:339,52
DA:339,52
DA:340,0
DA:340,0
FN:348,BullaFactoring.depositWithAttachment
FNDA:0,BullaFactoring.depositWithAttachment
DA:349,0
DA:349,0
DA:349,0
DA:350,0
DA:350,0
DA:351,0
DA:351,0
FN:358,BullaFactoring.deposit
FNDA:55,BullaFactoring.deposit
DA:359,55
DA:359,55
DA:359,55
DA:360,52
DA:360,52
DA:361,0
DA:361,0
FN:372,BullaFactoring.calculateTargetFees
FNDA:64,BullaFactoring.calculateTargetFees
DA:373,64
DA:373,64
DA:373,64
DA:374,64
DA:374,64
DA:376,64
DA:376,64
BRDA:376,9,0,64
BRDA:376,9,1,-
DA:376,0
DA:377,64
DA:377,64
DA:377,64
DA:377,64
BRDA:377,10,0,64
BRDA:377,10,1,-
DA:377,0
DA:379,64
DA:379,64
DA:381,64
DA:381,64
DA:383,64
DA:383,64
DA:383,64
DA:383,64
DA:383,64
DA:385,64
DA:385,64
DA:387,64
DA:387,64
DA:387,64
DA:388,64
DA:388,64
DA:390,64
DA:390,64
DA:390,64
DA:391,64
DA:391,64
DA:393,64
DA:393,64
DA:395,64
DA:395,64
DA:395,64
DA:395,64
DA:396,64
DA:396,64
DA:398,64
DA:398,64
FN:404,BullaFactoring.fundInvoice
FNDA:66,BullaFactoring.fundInvoice
DA:405,66
DA:405,66
BRDA:405,11,0,66
BRDA:405,11,1,-
DA:405,1
DA:406,65
DA:406,65
BRDA:406,12,0,64
BRDA:406,12,1,1
DA:406,1
DA:407,64
DA:407,64
DA:407,64
DA:407,64
BRDA:407,13,0,64
BRDA:407,13,1,-
DA:407,0
DA:408,64
DA:408,64
BRDA:408,14,0,63
BRDA:408,14,1,1
DA:408,1
DA:409,63
DA:409,63
DA:409,63
DA:410,63
BRDA:410,15,0,61
BRDA:410,15,1,2
DA:410,2
DA:411,61
DA:411,61
BRDA:411,16,0,60
BRDA:411,16,1,1
DA:411,1
DA:412,60
DA:412,60
BRDA:412,17,0,59
BRDA:412,17,1,1
DA:412,1
DA:414,59
DA:414,59
DA:414,59
DA:417,59
DA:417,59
DA:418,59
DA:418,59
DA:419,59
DA:419,59
DA:420,59
DA:420,59
DA:422,59
DA:422,59
DA:425,59
DA:425,59
DA:428,59
DA:428,59
DA:428,59
DA:429,59
DA:429,59
DA:431,59
DA:431,59
DA:432,59
DA:432,59
DA:433,59
DA:433,59
DA:434,0
DA:434,0
FN:440,BullaFactoring.viewPoolStatus
FNDA:46,BullaFactoring.viewPoolStatus
DA:441,46
DA:441,46
DA:442,46
DA:442,46
DA:443,46
DA:443,46
DA:443,46
DA:444,46
DA:444,46
DA:444,46
DA:445,46
DA:445,46
DA:446,46
DA:446,46
DA:448,46
DA:448,46
DA:448,98
DA:448,98
DA:449,52
DA:449,52
DA:451,52
DA:451,52
BRDA:451,18,0,43
BRDA:451,18,1,9
DA:452,43
DA:452,43
DA:453,43
DA:453,43
DA:454,9
DA:454,9
BRDA:454,19,0,9
BRDA:454,19,1,7
DA:455,7
DA:455,7
DA:456,7
DA:456,7
DA:461,46
DA:461,46
DA:461,51
DA:461,51
DA:462,5
DA:462,5
DA:464,5
DA:464,5
BRDA:464,20,0,5
BRDA:464,20,1,2
DA:465,2
DA:465,2
DA:466,2
DA:466,2
DA:470,46
DA:470,46
DA:471,46
DA:471,46
DA:473,46
DA:473,46
DA:473,91
DA:473,91
DA:474,45
DA:474,45
DA:477,46
DA:477,46
DA:477,53
DA:477,53
DA:478,7
DA:478,7
DA:481,46
DA:481,46
FN:487,BullaFactoring.isInvoicePaid
FNDA:62,BullaFactoring.isInvoicePaid
DA:488,62
DA:488,62
DA:488,62
DA:489,62
DA:489,62
DA:489,62
FN:495,BullaFactoring.isInvoiceImpaired
FNDA:45,BullaFactoring.isInvoiceImpaired
DA:496,45
DA:496,45
DA:496,45
DA:497,45
DA:497,45
DA:497,45
DA:498,45
DA:498,45
DA:498,45
FN:501,BullaFactoring.getFundedAmount
FNDA:6,BullaFactoring.getFundedAmount
DA:502,6
DA:502,6
FN:509,BullaFactoring.incrementProfitTaxAndFeeBalances
FNDA:46,BullaFactoring.incrementProfitTaxAndFeeBalances
DA:511,46
DA:511,46
DA:513,46
DA:513,46
DA:513,46
DA:516,46
DA:516,46
DA:519,46
DA:519,46
DA:520,46
DA:520,46
DA:521,46
DA:521,46
DA:524,46
DA:524,46
FN:529,BullaFactoring.reconcileActivePaidInvoices
FNDA:38,BullaFactoring.reconcileActivePaidInvoices
DA:530,38
DA:530,38
DA:530,38
DA:532,38
DA:532,38
DA:532,79
DA:532,79
DA:533,41
DA:533,41
DA:536,41
DA:536,41
DA:536,41
DA:538,41
DA:538,41
DA:541,41
DA:541,41
DA:542,41
DA:542,41
BRDA:542,21,0,34
BRDA:542,21,1,-
DA:543,34
DA:543,34
BRDA:543,22,0,34
BRDA:543,22,1,-
DA:544,34
DA:544,34
DA:548,41
BRDA:548,23,0,1
BRDA:548,23,1,40
DA:550,1
DA:550,1
DA:553,1
DA:553,1
DA:556,40
DA:556,40
DA:559,41
DA:559,41
DA:560,41
DA:560,41
DA:562,38
DA:562,38
FN:568,BullaFactoring.calculateTax
FNDA:46,BullaFactoring.calculateTax
DA:569,46
DA:569,46
DA:569,46
FN:572,BullaFactoring.removeImpairedByFundInvoice
FNDA:1,BullaFactoring.removeImpairedByFundInvoice
DA:573,1
DA:573,1
DA:573,1
DA:573,1
DA:574,1
DA:574,1
BRDA:574,24,0,-
BRDA:574,24,1,1
DA:575,1
DA:575,1
DA:576,1
DA:576,1
DA:577,0
DA:577,0
FN:584,BullaFactoring.unfactorInvoice
FNDA:5,BullaFactoring.unfactorInvoice
DA:585,5
DA:585,5
BRDA:585,25,0,5
BRDA:585,25,1,-
DA:585,0
DA:586,5
DA:586,5
DA:587,5
DA:587,5
BRDA:587,26,0,5
BRDA:587,26,1,-
DA:587,0
DA:589,5
DA:589,5
DA:591,5
DA:591,5
DA:594,5
DA:594,5
DA:594,5
DA:594,5
DA:594,5
DA:595,5
DA:595,5
DA:595,5
DA:597,5
DA:597,5
DA:597,5
DA:598,5
DA:598,5
DA:598,5
DA:598,5
DA:598,5
DA:601,5
DA:601,5
BRDA:601,27,0,5
BRDA:601,27,1,-
DA:604,5
DA:604,5
DA:604,5
DA:605,5
DA:605,5
DA:608,5
DA:608,5
DA:609,5
DA:609,5
DA:611,5
DA:611,5
DA:613,5
DA:613,5
FN:618,BullaFactoring.removeActivePaidInvoice
FNDA:49,BullaFactoring.removeActivePaidInvoice
DA:619,49
DA:619,49
DA:619,52
DA:619,52
DA:620,52
DA:620,52
BRDA:620,28,0,3
BRDA:620,28,1,49
DA:621,49
DA:621,49
DA:622,49
DA:622,49
DA:623,0
DA:623,0
FN:629,BullaFactoring.totalFundedAmountForActiveInvoices
FNDA:3,BullaFactoring.totalFundedAmountForActiveInvoices
DA:630,3
DA:630,3
DA:631,3
DA:631,3
DA:631,4
DA:631,4
DA:632,1
DA:632,1
DA:633,1
DA:633,1
DA:635,0
DA:635,0
FN:640,BullaFactoring.sumTargetFeesForActiveInvoices
FNDA:49,BullaFactoring.sumTargetFeesForActiveInvoices
DA:641,49
DA:641,49
DA:642,49
DA:642,49
DA:642,55
DA:642,55
DA:643,6
DA:643,6
DA:644,6
DA:644,6
DA:646,0
DA:646,0
FN:651,BullaFactoring.availableAssets
FNDA:49,BullaFactoring.availableAssets
DA:652,49
DA:652,49
DA:652,49
DA:653,49
DA:653,49
DA:653,49
DA:653,49
DA:653,49
DA:654,49
DA:654,49
DA:654,49
DA:654,49
DA:654,49
FN:659,BullaFactoring.maxRedeem
FNDA:32,BullaFactoring.maxRedeem
DA:660,32
DA:660,32
DA:660,32
DA:661,32
DA:661,32
DA:661,32
DA:663,32
DA:663,32
BRDA:663,29,0,29
BRDA:663,29,1,3
DA:664,3
DA:664,3
DA:667,29
DA:667,29
DA:667,29
DA:668,0
DA:668,0
FN:677,BullaFactoring._redeem
FNDA:15,BullaFactoring._redeem
DA:678,15
DA:678,15
DA:678,15
DA:679,15
DA:679,15
DA:680,15
DA:680,15
BRDA:680,30,0,1
BRDA:680,30,1,14
DA:681,1
DA:681,1
DA:681,1
DA:682,1
DA:682,1
DA:683,0
DA:683,0
DA:685,14
DA:685,14
DA:686,14
DA:686,14
DA:688,15
DA:688,15
DA:689,0
DA:689,0
FN:698,BullaFactoring.redeemWithAttachment
FNDA:0,BullaFactoring.redeemWithAttachment
DA:699,0
DA:699,0
DA:699,0
DA:700,0
DA:700,0
DA:701,0
DA:701,0
FN:709,BullaFactoring.redeem
FNDA:15,BullaFactoring.redeem
DA:710,15
DA:710,15
DA:710,15
DA:711,15
DA:711,15
DA:712,0
DA:712,0
FN:718,BullaFactoring.setGracePeriodDays
FNDA:0,BullaFactoring.setGracePeriodDays
DA:719,0
DA:719,0
DA:720,0
DA:720,0
FN:726,BullaFactoring.setApprovalDuration
FNDA:0,BullaFactoring.setApprovalDuration
DA:727,0
DA:727,0
DA:728,0
DA:728,0
FN:733,BullaFactoring.setUnderwriter
FNDA:0,BullaFactoring.setUnderwriter
DA:734,0
DA:734,0
DA:734,0
BRDA:734,31,0,-
BRDA:734,31,1,-
DA:734,0
DA:735,0
DA:735,0
DA:736,0
DA:736,0
DA:737,0
DA:737,0
FN:741,BullaFactoring.withdrawProtocolFees
FNDA:5,BullaFactoring.withdrawProtocolFees
DA:742,5
DA:742,5
BRDA:742,32,0,5
BRDA:742,32,1,-
DA:742,0
DA:743,5
DA:743,5
DA:744,5
DA:744,5
BRDA:744,33,0,5
BRDA:744,33,1,-
DA:744,0
DA:745,5
DA:745,5
DA:746,5
DA:746,5
DA:746,5
DA:747,5
DA:747,5
BRDA:747,34,0,5
BRDA:747,34,1,-
DA:747,0
DA:748,5
DA:748,5
FN:752,BullaFactoring.withdrawAdminFees
FNDA:7,BullaFactoring.withdrawAdminFees
DA:753,7
DA:753,7
DA:754,7
DA:754,7
BRDA:754,35,0,7
BRDA:754,35,1,-
DA:754,0
DA:755,7
DA:755,7
DA:756,7
DA:756,7
DA:756,7
DA:757,7
DA:757,7
BRDA:757,36,0,7
BRDA:757,36,1,-
DA:757,0
DA:758,7
DA:758,7
FN:763,BullaFactoring.withdrawTaxBalance
FNDA:5,BullaFactoring.withdrawTaxBalance
DA:764,5
DA:764,5
BRDA:764,37,0,4
BRDA:764,37,1,1
DA:764,1
DA:765,4
DA:765,4
DA:766,4
DA:766,4
DA:767,4
DA:767,4
DA:767,4
DA:768,4
DA:768,4
BRDA:768,38,0,4
BRDA:768,38,1,-
DA:768,0
DA:769,4
DA:769,4
FN:774,BullaFactoring.setBullaDaoAddress
FNDA:0,BullaFactoring.setBullaDaoAddress
DA:775,0
DA:775,0
DA:775,0
BRDA:775,39,0,-
BRDA:775,39,1,-
DA:775,0
DA:776,0
DA:776,0
DA:777,0
DA:777,0
FN:782,BullaFactoring.setProtocolFeeBps
FNDA:0,BullaFactoring.setProtocolFeeBps
DA:783,0
DA:783,0
DA:783,0
DA:783,0
BRDA:783,40,0,-
BRDA:783,40,1,-
DA:783,0
DA:784,0
DA:784,0
DA:785,0
DA:785,0
FN:790,BullaFactoring.setAdminFeeBps
FNDA:0,BullaFactoring.setAdminFeeBps
DA:791,0
DA:791,0
DA:791,0
DA:791,0
BRDA:791,41,0,-
BRDA:791,41,1,-
DA:791,0
DA:792,0
DA:792,0
DA:793,0
DA:793,0
FN:799,BullaFactoring.setTaxBps
FNDA:0,BullaFactoring.setTaxBps
DA:800,0
DA:800,0
DA:800,0
DA:800,0
BRDA:800,42,0,-
BRDA:800,42,1,-
DA:800,0
DA:801,0
DA:801,0
DA:802,0
DA:802,0
FN:810,BullaFactoring.withdraw
FNDA:4,BullaFactoring.withdraw
DA:811,4
DA:811,4
DA:811,4
DA:812,4
DA:812,4
DA:813,4
DA:813,4
BRDA:813,43,0,-
BRDA:813,43,1,4
DA:814,0
DA:814,0
DA:814,0
DA:815,0
DA:815,0
DA:816,0
DA:816,0
DA:817,0
DA:817,0
DA:819,4
DA:819,4
DA:820,4
DA:820,4
DA:822,4
DA:822,4
DA:823,4
DA:823,4
DA:825,0
DA:825,0
FN:828,BullaFactoring.mint
FNDA:0,BullaFactoring.mint
DA:829,0
DA:829,0
FN:834,BullaFactoring.setDepositPermissions
FNDA:0,BullaFactoring.setDepositPermissions
DA:835,0
DA:835,0
DA:836,0
DA:836,0
FN:841,BullaFactoring.setFactoringPermissions
FNDA:0,BullaFactoring.setFactoringPermissions
DA:842,0
DA:842,0
DA:843,0
DA:843,0
FN:848,BullaFactoring.setImpairReserve
FNDA:4,BullaFactoring.setImpairReserve
DA:849,4
DA:849,4
BRDA:849,44,0,4
BRDA:849,44,1,-
DA:849,0
DA:850,4
DA:850,4
DA:850,4
DA:851,4
DA:851,4
DA:851,4
DA:852,4
DA:852,4
BRDA:852,45,0,4
BRDA:852,45,1,-
DA:852,0
DA:853,4
DA:853,4
DA:854,4
DA:854,4
FN:859,BullaFactoring.setTargetYield
FNDA:0,BullaFactoring.setTargetYield
DA:860,0
DA:860,0
DA:860,0
DA:860,0
BRDA:860,46,0,-
BRDA:860,46,1,-
DA:860,0
DA:861,0
DA:861,0
DA:862,0
DA:862,0
FN:867,BullaFactoring.setInvoiceProviderAdapter
FNDA:0,BullaFactoring.setInvoiceProviderAdapter
DA:868,0
DA:868,0
DA:869,0
DA:869,0
FN:874,BullaFactoring.getFundInfo
FNDA:3,BullaFactoring.getFundInfo
DA:875,3
DA:875,3
DA:875,3
DA:876,3
DA:876,3
DA:876,3
DA:877,3
DA:877,3
DA:877,3
DA:878,3
DA:878,3
DA:878,3
DA:879,3
DA:879,3
DA:879,3
DA:880,3
DA:880,3
DA:880,3
DA:882,3
DA:882,3
DA:882,3
FN:899,BullaFactoring.impairInvoice
FNDA:7,BullaFactoring.impairInvoice
DA:900,7
DA:900,7
BRDA:900,47,0,6
BRDA:900,47,1,1
DA:900,1
DA:901,6
DA:901,6
BRDA:901,48,0,5
BRDA:901,48,1,1
DA:901,1
DA:903,5
BRDA:903,49,0,4
BRDA:903,49,1,1
DA:904,1
DA:904,1
DA:907,4
DA:907,4
DA:908,4
DA:908,4
DA:908,4
DA:909,4
DA:909,4
DA:912,4
DA:912,4
DA:915,4
DA:915,4
DA:918,4
DA:918,4
DA:924,4
DA:924,4
FNF:50
FNH:35
LF:319
LH:264
BRF:100
BRH:67
end_of_record
TN:
SF:contracts/BullaFactoringAutomationChecker.sol
FN:6,BullaFactoringAutomationChecker.checker
FNDA:0,BullaFactoringAutomationChecker.checker
DA:11,0
DA:11,0
DA:11,0
DA:13,0
DA:13,0
DA:15,0
DA:15,0
FNF:1
FNH:0
LF:3
LH:0
BRF:0
BRH:0
end_of_record
TN:
SF:contracts/DepositPermissions.sol
FN:11,DepositPermissions.isAllowed
FNDA:0,DepositPermissions.isAllowed
DA:12,0
DA:12,0
FN:15,DepositPermissions.allow
FNDA:0,DepositPermissions.allow
DA:16,0
DA:16,0
FN:19,DepositPermissions.disallow
FNDA:0,DepositPermissions.disallow
DA:20,0
DA:20,0
FNF:3
FNH:0
LF:3
LH:0
BRF:0
BRH:0
end_of_record
TN:
SF:contracts/FactoringPermissions.sol
FN:11,FactoringPermissions.isAllowed
FNDA:0,FactoringPermissions.isAllowed
DA:12,0
DA:12,0
FN:15,FactoringPermissions.allow
FNDA:0,FactoringPermissions.allow
DA:16,0
DA:16,0
FN:19,FactoringPermissions.disallow
FNDA:0,FactoringPermissions.disallow
DA:20,0
DA:20,0
FNF:3
FNH:0
LF:3
LH:0
BRF:0
BRH:0
end_of_record
TN:
SF:contracts/PermissionsWithAragon.sol
FN:17,PermissionsWithAragon.isAllowed
FNDA:2,PermissionsWithAragon.isAllowed
DA:18,2
DA:18,2
DA:18,2
FNF:1
FNH:1
LF:1
LH:1
BRF:0
BRH:0
end_of_record
TN:
SF:contracts/PermissionsWithSafe.sol
FN:15,PermissionsWithSafe.isAllowed
FNDA:2,PermissionsWithSafe.isAllowed
DA:16,2
DA:16,2
DA:16,2
FNF:1
FNH:1
LF:1
LH:1
BRF:0
BRH:0
end_of_record
TN:
SF:contracts/mocks/DAOMock.sol
FN:12,DAOMock.setHasPermissionReturnValueMock
FNDA:4,DAOMock.setHasPermissionReturnValueMock
DA:13,4
DA:13,4
FN:16,DAOMock.hasPermission
FNDA:2,DAOMock.hasPermission
DA:23,2
DA:23,2
FN:26,DAOMock.getTrustedForwarder
FNDA:0,DAOMock.getTrustedForwarder
DA:27,0
DA:27,0
DA:27,0
FN:30,DAOMock.setTrustedForwarder
FNDA:0,DAOMock.setTrustedForwarder
FN:34,DAOMock.setMetadata
FNDA:0,DAOMock.setMetadata
FN:38,DAOMock.execute
FNDA:0,DAOMock.execute
DA:43,0
DA:43,0
FN:46,DAOMock.deposit
FNDA:0,DAOMock.deposit
FN:54,DAOMock.setSignatureValidator
FNDA:0,DAOMock.setSignatureValidator
FN:58,DAOMock.isValidSignature
FNDA:0,DAOMock.isValidSignature
DA:63,0
DA:63,0
FN:66,DAOMock.registerStandardCallback
FNDA:0,DAOMock.registerStandardCallback
FNF:10
FNH:2
LF:5
LH:2
BRF:0
BRH:0
end_of_record
TN:
SF:contracts/mocks/MockDepositPermissions.sol
FN:9,MockDepositPermissions.isAllowed
FNDA:117,MockDepositPermissions.isAllowed
DA:10,117
DA:10,117
FN:13,MockDepositPermissions.allow
FNDA:260,MockDepositPermissions.allow
DA:14,260
DA:14,260
FN:17,MockDepositPermissions.disallow
FNDA:0,MockDepositPermissions.disallow
DA:18,0
DA:18,0
FNF:3
FNH:2
LF:3
LH:2
BRF:0
BRH:0
end_of_record
TN:
SF:contracts/mocks/MockFactoringPermissions.sol
FN:9,MockFactoringPermissions.isAllowed
FNDA:0,MockFactoringPermissions.isAllowed
DA:10,0
DA:10,0
FN:13,MockFactoringPermissions.allow
FNDA:0,MockFactoringPermissions.allow
DA:14,0
DA:14,0
FN:17,MockFactoringPermissions.disallow
FNDA:0,MockFactoringPermissions.disallow
DA:18,0
DA:18,0
FNF:3
FNH:0
LF:3
LH:0
BRF:0
BRH:0
end_of_record
TN:
SF:contracts/mocks/MockPermissions.sol
FN:9,MockPermissions.isAllowed
FNDA:0,MockPermissions.isAllowed
DA:10,0
DA:10,0
FN:13,MockPermissions.allow
FNDA:0,MockPermissions.allow
DA:14,0
DA:14,0
FN:17,MockPermissions.disallow
FNDA:0,MockPermissions.disallow
DA:18,0
DA:18,0
FNF:3
FNH:0
LF:3
LH:0
BRF:0
BRH:0
end_of_record
TN:
SF:contracts/mocks/MockUSDC.sol
FN:11,MockUSDC.decimals
FNDA:138,MockUSDC.decimals
DA:12,138
DA:12,138
FN:15,MockUSDC.mint
FNDA:130,MockUSDC.mint
DA:16,130
DA:16,130
FNF:2
FNH:2
LF:2
LH:2
BRF:0
BRH:0
end_of_record
TN:
SF:contracts/mocks/gnosisSafe.sol
FN:20,TestSafe.enableModule
FNDA:0,TestSafe.enableModule
DA:21,0
DA:21,0
FN:24,TestSafe.disableModule
FNDA:0,TestSafe.disableModule
DA:25,0
DA:25,0
FN:28,TestSafe.isModuleEnabled
FNDA:0,TestSafe.isModuleEnabled
DA:29,0
DA:29,0
BRDA:29,0,0,-
BRDA:29,0,1,-
DA:30,0
DA:30,0
DA:32,0
DA:32,0
FN:36,TestSafe.execTransactionFromModule
FNDA:0,TestSafe.execTransactionFromModule
DA:42,0
DA:42,0
BRDA:42,1,0,-
BRDA:42,1,1,-
DA:43,0
DA:43,0
BRDA:43,2,0,-
BRDA:43,2,1,-
DA:43,0
DA:44,0
DA:44,0
FN:47,TestSafe.onERC721Received
FNDA:0,TestSafe.onERC721Received
DA:53,0
DA:53,0
FNF:5
FNH:0
LF:9
LH:0
BRF:6
BRH:0
end_of_record
TN:
SF:test/foundry/CommonSetup.t.sol
FN:53,CommonSetup.setUp
FNDA:1,CommonSetup.setUp
DA:54,1
DA:54,1
DA:55,1
DA:55,1
DA:56,1
DA:56,1
DA:57,1
DA:57,1
DA:58,1
DA:58,1
DA:59,1
DA:59,1
DA:59,1
DA:60,1
DA:60,1
DA:61,1
DA:61,1
DA:62,1
DA:62,1
DA:63,1
DA:63,1
DA:63,1
DA:64,1
DA:64,1
DA:65,1
DA:65,1
DA:68,1
DA:68,1
DA:69,1
DA:69,1
DA:70,1
DA:70,1
DA:71,1
DA:71,1
DA:73,1
DA:73,1
DA:75,1
DA:75,1
DA:76,1
DA:76,1
DA:78,1
DA:78,1
DA:79,1
DA:79,1
DA:80,1
DA:80,1
DA:82,1
DA:82,1
DA:83,1
DA:83,1
DA:84,1
DA:84,1
FN:88,CommonSetup.createClaim
FNDA:0,CommonSetup.createClaim
DA:94,0
DA:94,0
DA:95,0
DA:95,0
DA:95,0
DA:96,0
DA:96,0
DA:96,0
DA:102,0
DA:102,0
DA:102,0
FN:113,CommonSetup.calculatePricePerShare
FNDA:0,CommonSetup.calculatePricePerShare
DA:114,0
DA:114,0
BRDA:114,0,0,-
BRDA:114,0,1,-
DA:114,0
DA:115,0
DA:115,0
DA:115,0
FNF:3
FNH:1
LF:31
LH:25
BRF:2
BRH:0
end_of_record
