TN:
SF:contracts/BullaClaimInvoiceProviderAdapter.sol
DA:14,57
FN:14,BullaClaimInvoiceProviderAdapter.constructor
FNDA:57,BullaClaimInvoiceProviderAdapter.constructor
DA:15,57
DA:18,0
FN:18,BullaClaimInvoiceProviderAdapter.getInvoiceDetails
FNDA:0,BullaClaimInvoiceProviderAdapter.getInvoiceDetails
DA:19,0
DA:20,0
BRDA:20,0,0,-
DA:22,0
DA:23,0
DA:25,0
DA:35,0
DA:38,0
FN:38,BullaClaimInvoiceProviderAdapter.getInvoiceContractAddress
FNDA:0,BullaClaimInvoiceProviderAdapter.getInvoiceContractAddress
DA:39,0
FNF:3
FNH:1
LF:11
LH:2
BRF:1
BRH:0
end_of_record
TN:
SF:contracts/BullaFactoring.sol
DA:115,57
FN:115,BullaFactoring.constructor
FNDA:57,BullaFactoring.constructor
DA:130,57
BRDA:130,0,0,-
DA:131,57
BRDA:131,1,0,-
DA:133,57
DA:134,57
DA:135,57
DA:136,57
DA:137,57
DA:138,57
DA:139,57
DA:140,57
DA:141,57
DA:142,57
DA:143,57
DA:144,57
DA:149,0
FN:149,BullaFactoring.decimals
FNDA:0,BullaFactoring.decimals
DA:150,0
DA:155,0
FN:155,BullaFactoring.approveInvoice
FNDA:0,BullaFactoring.approveInvoice
DA:156,0
BRDA:156,2,0,-
DA:157,0
BRDA:157,3,0,-
DA:158,0
DA:159,0
DA:160,0
BRDA:160,4,0,-
DA:162,0
DA:163,0
BRDA:163,5,0,-
DA:165,0
DA:166,0
BRDA:166,6,0,-
DA:168,0
DA:182,0
DA:191,0
FN:191,BullaFactoring.calculateFees
FNDA:0,BullaFactoring.calculateFees
DA:192,0
DA:193,0
DA:197,0
DA:201,0
DA:204,0
DA:207,0
DA:210,0
DA:213,0
DA:216,0
DA:219,0
DA:222,0
DA:225,0
DA:227,0
DA:236,0
FN:236,BullaFactoring.calculateKickbackAmount
FNDA:0,BullaFactoring.calculateKickbackAmount
DA:237,0
DA:239,0
DA:241,0
DA:243,0
DA:246,0
DA:249,0
DA:251,0
DA:256,14568
FN:256,BullaFactoring.calculateRealizedGainLoss
FNDA:14568,BullaFactoring.calculateRealizedGainLoss
DA:257,14568
DA:259,14568
DA:260,0
DA:261,0
DA:265,14568
DA:266,0
DA:267,0
DA:268,0
DA:272,14568
DA:273,0
DA:274,0
BRDA:274,7,0,-
DA:275,0
DA:276,0
DA:280,0
DA:285,14568
FN:285,BullaFactoring.calculateCapitalAccount
FNDA:14568,BullaFactoring.calculateCapitalAccount
DA:286,14568
DA:288,14568
DA:289,14568
DA:291,14568
DA:296,0
FN:296,BullaFactoring.pricePerShare
FNDA:0,BullaFactoring.pricePerShare
DA:297,0
DA:303,0
FN:303,BullaFactoring._convertToShares
FNDA:0,BullaFactoring._convertToShares
DA:304,0
DA:306,0
BRDA:306,8,0,-
DA:307,0
DA:310,0
DA:316,0
FN:316,BullaFactoring._convertToAssets
FNDA:0,BullaFactoring._convertToAssets
DA:317,0
DA:319,0
BRDA:319,9,0,-
DA:320,0
DA:323,0
DA:329,10083
FN:329,BullaFactoring.calculateAccruedProfits
FNDA:10083,BullaFactoring.calculateAccruedProfits
DA:330,10083
DA:331,0
DA:333,0
BRDA:333,10,0,-
DA:334,0
DA:335,0
DA:338,0
DA:339,0
DA:341,0
DA:345,0
DA:349,14568
FN:349,BullaFactoring.previewDeposit
FNDA:14568,BullaFactoring.previewDeposit
DA:350,14568
DA:351,14568
DA:352,14568
DA:354,14568
BRDA:354,11,0,4485
BRDA:354,11,1,10083
DA:355,4485
DA:357,10083
DA:358,10083
DA:361,0
DA:368,14568
FN:368,BullaFactoring.deposit
FNDA:14568,BullaFactoring.deposit
DA:369,14568
BRDA:369,12,0,-
DA:371,14568
DA:372,14568
DA:373,0
DA:381,0
FN:381,BullaFactoring.depositWithAttachment
FNDA:0,BullaFactoring.depositWithAttachment
DA:382,0
DA:383,0
DA:384,0
DA:395,0
FN:395,BullaFactoring.calculateTargetFees
FNDA:0,BullaFactoring.calculateTargetFees
DA:396,0
DA:397,0
DA:399,0
BRDA:399,13,0,-
DA:400,0
BRDA:400,14,0,-
DA:402,0
DA:404,0
DA:406,0
DA:409,0
DA:411,0
DA:413,0
DA:414,0
DA:416,0
DA:423,0
FN:423,BullaFactoring.fundInvoice
FNDA:0,BullaFactoring.fundInvoice
DA:424,0
BRDA:424,15,0,-
DA:425,0
BRDA:425,16,0,-
DA:426,0
BRDA:426,17,0,-
DA:427,0
BRDA:427,18,0,-
DA:428,0
DA:429,0
BRDA:429,19,0,-
DA:430,0
BRDA:430,20,0,-
DA:431,0
BRDA:431,21,0,-
DA:433,0
DA:436,0
DA:437,0
DA:438,0
DA:440,0
DA:443,0
DA:446,0
DA:447,0
DA:449,0
DA:450,0
DA:451,0
DA:452,0
DA:458,0
FN:458,BullaFactoring.viewPoolStatus
FNDA:0,BullaFactoring.viewPoolStatus
DA:459,0
DA:460,0
DA:462,0
DA:463,0
DA:465,0
DA:466,0
DA:469,0
DA:470,0
DA:472,0
BRDA:472,22,0,-
BRDA:472,22,1,-
DA:473,0
DA:474,0
BRDA:474,23,0,-
DA:475,0
DA:480,0
DA:481,0
DA:483,0
BRDA:483,24,0,-
DA:484,0
DA:490,0
DA:491,0
DA:494,0
DA:500,0
FN:500,BullaFactoring.isInvoicePaid
FNDA:0,BullaFactoring.isInvoicePaid
DA:501,0
DA:502,0
DA:508,0
FN:508,BullaFactoring.isInvoiceImpaired
FNDA:0,BullaFactoring.isInvoiceImpaired
DA:509,0
DA:510,0
DA:511,0
DA:514,0
FN:514,BullaFactoring.getFundedAmount
FNDA:0,BullaFactoring.getFundedAmount
DA:515,0
DA:523,0
FN:523,BullaFactoring.incrementProfitTaxAndFeeBalances
FNDA:0,BullaFactoring.incrementProfitTaxAndFeeBalances
DA:525,0
DA:527,0
DA:530,0
DA:533,0
DA:534,0
DA:535,0
DA:538,0
DA:543,0
FN:543,BullaFactoring.reconcileActivePaidInvoices
FNDA:0,BullaFactoring.reconcileActivePaidInvoices
DA:544,0
DA:546,0
DA:547,0
DA:550,0
DA:552,0
DA:555,0
DA:556,0
BRDA:556,25,0,-
DA:557,0
DA:558,0
DA:562,0
BRDA:562,26,0,-
BRDA:562,26,1,-
DA:564,0
DA:567,0
DA:570,0
DA:573,0
DA:574,0
DA:576,0
DA:582,0
FN:582,BullaFactoring.calculateTax
FNDA:0,BullaFactoring.calculateTax
DA:583,0
DA:584,0
DA:587,0
FN:587,BullaFactoring.removeImpairedByFundInvoice
FNDA:0,BullaFactoring.removeImpairedByFundInvoice
DA:588,0
DA:589,0
BRDA:589,27,0,-
DA:590,0
DA:591,0
DA:592,0
DA:599,0
FN:599,BullaFactoring.unfactorInvoice
FNDA:0,BullaFactoring.unfactorInvoice
DA:600,0
BRDA:600,28,0,-
DA:601,0
DA:602,0
BRDA:602,29,0,-
DA:604,0
DA:606,0
DA:609,0
DA:610,0
DA:611,0
DA:614,0
BRDA:614,30,0,-
BRDA:614,30,1,-
DA:616,0
DA:617,0
BRDA:617,31,0,-
DA:619,0
DA:623,0
DA:624,0
DA:627,0
DA:628,0
DA:630,0
DA:632,0
DA:637,0
FN:637,BullaFactoring.removeActivePaidInvoice
FNDA:0,BullaFactoring.removeActivePaidInvoice
DA:638,0
DA:639,0
BRDA:639,32,0,-
DA:640,0
DA:641,0
DA:642,0
DA:647,0
FN:647,BullaFactoring.getPaymentsOnInvoiceSinceFunding
FNDA:0,BullaFactoring.getPaymentsOnInvoiceSinceFunding
DA:648,0
DA:651,0
DA:653,0
DA:658,0
FN:658,BullaFactoring.deployedCapitalForActiveInvoicesExcludingImpaired
FNDA:0,BullaFactoring.deployedCapitalForActiveInvoicesExcludingImpaired
DA:659,0
DA:660,0
DA:661,0
DA:662,0
DA:663,0
DA:665,0
DA:670,0
FN:670,BullaFactoring.getAllIncomingPaymentsForActiveInvoices
FNDA:0,BullaFactoring.getAllIncomingPaymentsForActiveInvoices
DA:671,0
DA:672,0
DA:673,0
DA:674,0
DA:676,0
DA:681,0
FN:681,BullaFactoring.sumTargetFeesForActiveInvoices
FNDA:0,BullaFactoring.sumTargetFeesForActiveInvoices
DA:682,0
DA:683,0
DA:684,0
DA:685,0
DA:687,0
DA:692,0
FN:692,BullaFactoring.totalAssets
FNDA:0,BullaFactoring.totalAssets
DA:693,0
DA:694,0
DA:695,0
DA:700,0
FN:700,BullaFactoring.maxRedeem
FNDA:0,BullaFactoring.maxRedeem
DA:701,0
DA:702,0
DA:704,0
BRDA:704,33,0,-
DA:705,0
DA:708,0
DA:709,0
DA:715,0
FN:715,BullaFactoring.maxRedeem
FNDA:0,BullaFactoring.maxRedeem
DA:716,0
DA:722,0
FN:722,BullaFactoring.maxWithdraw
FNDA:0,BullaFactoring.maxWithdraw
DA:723,0
DA:731,0
FN:731,BullaFactoring.withdraw
FNDA:0,BullaFactoring.withdraw
DA:732,0
BRDA:732,34,0,-
DA:733,0
BRDA:733,35,0,-
DA:735,0
DA:737,0
DA:738,0
DA:746,0
FN:746,BullaFactoring.redeem
FNDA:0,BullaFactoring.redeem
DA:747,0
BRDA:747,36,0,-
DA:748,0
BRDA:748,37,0,-
DA:750,0
DA:752,0
DA:754,0
DA:763,0
FN:763,BullaFactoring.redeemWithAttachment
FNDA:0,BullaFactoring.redeemWithAttachment
DA:764,0
DA:765,0
DA:766,0
DA:772,0
FN:772,BullaFactoring.setGracePeriodDays
FNDA:0,BullaFactoring.setGracePeriodDays
DA:773,0
DA:774,0
DA:780,0
FN:780,BullaFactoring.setApprovalDuration
FNDA:0,BullaFactoring.setApprovalDuration
DA:781,0
DA:782,0
DA:787,0
FN:787,BullaFactoring.setUnderwriter
FNDA:0,BullaFactoring.setUnderwriter
DA:788,0
BRDA:788,38,0,-
DA:789,0
DA:790,0
DA:791,0
DA:795,0
FN:795,BullaFactoring.withdrawProtocolFees
FNDA:0,BullaFactoring.withdrawProtocolFees
DA:796,0
BRDA:796,39,0,-
DA:797,0
DA:798,0
BRDA:798,40,0,-
DA:799,0
DA:800,0
DA:801,0
DA:805,0
FN:805,BullaFactoring.withdrawAdminFees
FNDA:0,BullaFactoring.withdrawAdminFees
DA:806,0
DA:807,0
BRDA:807,41,0,-
DA:808,0
DA:809,0
DA:810,0
DA:815,0
FN:815,BullaFactoring.withdrawTaxBalance
FNDA:0,BullaFactoring.withdrawTaxBalance
DA:816,0
BRDA:816,42,0,-
DA:817,0
DA:818,0
DA:819,0
DA:820,0
DA:825,0
FN:825,BullaFactoring.setBullaDaoAddress
FNDA:0,BullaFactoring.setBullaDaoAddress
DA:826,0
BRDA:826,43,0,-
DA:827,0
DA:828,0
DA:833,0
FN:833,BullaFactoring.setProtocolFeeBps
FNDA:0,BullaFactoring.setProtocolFeeBps
DA:834,0
BRDA:834,44,0,-
DA:835,0
DA:836,0
DA:841,0
FN:841,BullaFactoring.setAdminFeeBps
FNDA:0,BullaFactoring.setAdminFeeBps
DA:842,0
BRDA:842,45,0,-
DA:843,0
DA:844,0
DA:850,0
FN:850,BullaFactoring.setTaxBps
FNDA:0,BullaFactoring.setTaxBps
DA:851,0
BRDA:851,46,0,-
DA:852,0
DA:853,0
DA:856,0
FN:856,BullaFactoring.mint
FNDA:0,BullaFactoring.mint
DA:857,0
DA:862,0
FN:862,BullaFactoring.setDepositPermissions
FNDA:0,BullaFactoring.setDepositPermissions
DA:863,0
DA:864,0
DA:869,0
FN:869,BullaFactoring.setFactoringPermissions
FNDA:0,BullaFactoring.setFactoringPermissions
DA:870,0
DA:871,0
DA:876,0
FN:876,BullaFactoring.setImpairReserve
FNDA:0,BullaFactoring.setImpairReserve
DA:877,0
BRDA:877,47,0,-
DA:878,0
DA:879,0
DA:880,0
DA:881,0
DA:886,0
FN:886,BullaFactoring.setTargetYield
FNDA:0,BullaFactoring.setTargetYield
DA:887,0
BRDA:887,48,0,-
DA:888,0
DA:889,0
DA:894,0
FN:894,BullaFactoring.getFundInfo
FNDA:0,BullaFactoring.getFundInfo
DA:895,0
DA:896,0
DA:897,0
DA:898,0
DA:899,0
DA:901,0
DA:917,0
FN:917,BullaFactoring.impairInvoice
FNDA:0,BullaFactoring.impairInvoice
DA:918,0
BRDA:918,49,0,-
DA:919,0
BRDA:919,50,0,-
DA:921,0
BRDA:921,51,0,-
DA:922,0
DA:925,0
DA:926,0
DA:927,0
DA:930,0
DA:933,0
DA:936,0
DA:942,0
FNF:54
FNH:6
LF:370
LH:39
BRF:56
BRH:2
end_of_record
TN:
SF:contracts/BullaFactoringAutomationChecker.sol
DA:6,0
FN:6,BullaFactoringAutomationChecker.checker
FNDA:0,BullaFactoringAutomationChecker.checker
DA:11,0
DA:13,0
DA:15,0
FNF:1
FNH:0
LF:4
LH:0
BRF:0
BRH:0
end_of_record
TN:
SF:contracts/DepositPermissions.sol
DA:11,0
FN:11,DepositPermissions.isAllowed
FNDA:0,DepositPermissions.isAllowed
DA:12,0
DA:15,0
FN:15,DepositPermissions.allow
FNDA:0,DepositPermissions.allow
DA:16,0
DA:19,0
FN:19,DepositPermissions.disallow
FNDA:0,DepositPermissions.disallow
DA:20,0
FNF:3
FNH:0
LF:6
LH:0
BRF:0
BRH:0
end_of_record
TN:
SF:contracts/FactoringFundManager.sol
DA:78,57
FN:78,BullaFactoringFundManager.constructor
FNDA:57,BullaFactoringFundManager.constructor
DA:80,57
DA:81,57
DA:82,57
DA:84,57
DA:85,57
DA:103,28034
FN:103,BullaFactoringFundManager.allowlistInvestor
FNDA:28034,BullaFactoringFundManager.allowlistInvestor
DA:104,0
DA:106,1025
BRDA:106,0,0,1025
DA:108,25982
DA:109,25982
DA:110,25982
DA:126,24802
FN:126,BullaFactoringFundManager.commit
FNDA:24802,BullaFactoringFundManager.commit
DA:127,24802
DA:128,24802
DA:132,24802
BRDA:132,1,0,1025
DA:133,23777
BRDA:133,2,0,1026
DA:134,22751
BRDA:134,3,0,2051
DA:136,20700
DA:137,20700
BRDA:137,4,0,1025
DA:139,19675
DA:140,19675
BRDA:140,5,0,1025
DA:148,18650
BRDA:148,6,0,30
DA:151,18650
DA:153,18650
DA:156,18650
DA:177,8147
FN:177,BullaFactoringFundManager.capitalCall
FNDA:8147,BullaFactoringFundManager.capitalCall
DA:178,0
DA:181,6865
DA:182,6865
DA:183,6865
BRDA:183,7,0,2038
DA:184,4827
BRDA:184,8,0,29
DA:188,4798
DA:191,4798
DA:194,4798
DA:200,4798
DA:203,4798
DA:205,4798
DA:206,18743
DA:208,18743
DA:209,18743
DA:211,18743
DA:214,18743
DA:216,14568
BRDA:216,10,0,14568
BRDA:216,10,1,-
DA:218,14568
DA:220,14568
DA:222,14568
DA:225,4175
DA:226,4175
DA:231,4798
DA:232,4175
DA:234,4175
DA:240,4798
DA:241,4798
DA:243,4798
DA:256,6450
FN:256,BullaFactoringFundManager.setMinInvestment
FNDA:6450,BullaFactoringFundManager.setMinInvestment
DA:257,0
DA:259,5424
BRDA:259,11,0,8
DA:260,5416
DA:265,3196
FN:265,BullaFactoringFundManager.pauseCommitments
FNDA:3196,BullaFactoringFundManager.pauseCommitments
DA:266,0
DA:267,2171
DA:272,3397
FN:272,BullaFactoringFundManager.setCapitalCaller
FNDA:3397,BullaFactoringFundManager.setCapitalCaller
DA:273,0
DA:274,3397
DA:278,2050
FN:278,BullaFactoringFundManager.renounceOwnership
FNDA:2050,BullaFactoringFundManager.renounceOwnership
DA:279,2050
DA:284,2388
FN:284,BullaFactoringFundManager.blocklistInvestor
FNDA:2388,BullaFactoringFundManager.blocklistInvestor
DA:285,0
DA:287,1362
DA:288,3072
BRDA:288,12,0,1362
DA:289,1362
DA:290,0
DA:300,4100
FN:300,BullaFactoringFundManager.getInvestors
FNDA:4100,BullaFactoringFundManager.getInvestors
DA:301,4100
DA:305,4106
FN:305,BullaFactoringFundManager.investorCount
FNDA:4106,BullaFactoringFundManager.investorCount
DA:306,4106
DA:317,5537
FN:317,BullaFactoringFundManager._deleteInvestor
FNDA:5537,BullaFactoringFundManager._deleteInvestor
DA:318,5537
DA:320,5537
DA:321,5537
DA:322,5537
DA:324,5537
DA:328,44748
FN:328,BullaFactoringFundManager._isOwner
FNDA:44748,BullaFactoringFundManager._isOwner
DA:329,44748
DA:333,8147
FN:333,BullaFactoringFundManager._onlyCapitalCaller
FNDA:8147,BullaFactoringFundManager._onlyCapitalCaller
DA:334,8147
BRDA:334,13,0,1282
DA:338,43465
FN:338,BullaFactoringFundManager._onlyOwner
FNDA:43465,BullaFactoringFundManager._onlyOwner
DA:339,43465
BRDA:339,14,0,5130
DA:344,18743
FN:344,BullaFactoringFundManager._attemptERC20Transfer
FNDA:18743,BullaFactoringFundManager._attemptERC20Transfer
DA:345,18743
DA:346,14568
DA:347,4175
DA:348,4175
FNF:16
FNH:16
LF:94
LH:87
BRF:15
BRH:14
end_of_record
TN:
SF:contracts/FactoringPermissions.sol
DA:11,0
FN:11,FactoringPermissions.isAllowed
FNDA:0,FactoringPermissions.isAllowed
DA:12,0
DA:15,0
FN:15,FactoringPermissions.allow
FNDA:0,FactoringPermissions.allow
DA:16,0
DA:19,0
FN:19,FactoringPermissions.disallow
FNDA:0,FactoringPermissions.disallow
DA:20,0
FNF:3
FNH:0
LF:6
LH:0
BRF:0
BRH:0
end_of_record
TN:
SF:contracts/PermissionsWithAragon.sol
DA:11,57
FN:11,PermissionsWithAragon.constructor
FNDA:57,PermissionsWithAragon.constructor
DA:12,57
BRDA:12,0,0,-
BRDA:12,0,1,-
DA:13,57
DA:14,57
DA:17,0
FN:17,PermissionsWithAragon.isAllowed
FNDA:0,PermissionsWithAragon.isAllowed
DA:18,0
FNF:2
FNH:1
LF:6
LH:4
BRF:2
BRH:0
end_of_record
TN:
SF:contracts/PermissionsWithSafe.sol
DA:10,57
FN:10,PermissionsWithSafe.constructor
FNDA:57,PermissionsWithSafe.constructor
DA:11,57
BRDA:11,0,0,-
BRDA:11,0,1,-
DA:12,57
DA:15,0
FN:15,PermissionsWithSafe.isAllowed
FNDA:0,PermissionsWithSafe.isAllowed
DA:16,0
FNF:2
FNH:1
LF:5
LH:3
BRF:2
BRH:0
end_of_record
TN:
SF:contracts/mocks/DAOMock.sol
DA:12,0
FN:12,DAOMock.setHasPermissionReturnValueMock
FNDA:0,DAOMock.setHasPermissionReturnValueMock
DA:13,0
DA:16,0
FN:16,DAOMock.hasPermission
FNDA:0,DAOMock.hasPermission
DA:23,0
DA:26,0
FN:26,DAOMock.getTrustedForwarder
FNDA:0,DAOMock.getTrustedForwarder
DA:27,0
DA:30,0
FN:30,DAOMock.setTrustedForwarder
FNDA:0,DAOMock.setTrustedForwarder
DA:34,0
FN:34,DAOMock.setMetadata
FNDA:0,DAOMock.setMetadata
DA:38,0
FN:38,DAOMock.execute
FNDA:0,DAOMock.execute
DA:43,0
DA:46,0
FN:46,DAOMock.deposit
FNDA:0,DAOMock.deposit
DA:54,0
FN:54,DAOMock.setSignatureValidator
FNDA:0,DAOMock.setSignatureValidator
DA:58,0
FN:58,DAOMock.isValidSignature
FNDA:0,DAOMock.isValidSignature
DA:63,0
DA:66,0
FN:66,DAOMock.registerStandardCallback
FNDA:0,DAOMock.registerStandardCallback
FNF:10
FNH:0
LF:15
LH:0
BRF:0
BRH:0
end_of_record
TN:
SF:contracts/mocks/MockDepositPermissions.sol
DA:9,0
FN:9,MockDepositPermissions.isAllowed
FNDA:0,MockDepositPermissions.isAllowed
DA:10,0
DA:13,0
FN:13,MockDepositPermissions.allow
FNDA:0,MockDepositPermissions.allow
DA:14,0
DA:17,0
FN:17,MockDepositPermissions.disallow
FNDA:0,MockDepositPermissions.disallow
DA:18,0
FNF:3
FNH:0
LF:6
LH:0
BRF:0
BRH:0
end_of_record
TN:
SF:contracts/mocks/MockFactoringPermissions.sol
DA:9,0
FN:9,MockFactoringPermissions.isAllowed
FNDA:0,MockFactoringPermissions.isAllowed
DA:10,0
DA:13,0
FN:13,MockFactoringPermissions.allow
FNDA:0,MockFactoringPermissions.allow
DA:14,0
DA:17,0
FN:17,MockFactoringPermissions.disallow
FNDA:0,MockFactoringPermissions.disallow
DA:18,0
FNF:3
FNH:0
LF:6
LH:0
BRF:0
BRH:0
end_of_record
TN:
SF:contracts/mocks/MockPermissions.sol
DA:9,14568
FN:9,MockPermissions.isAllowed
FNDA:14568,MockPermissions.isAllowed
DA:10,14568
DA:13,285
FN:13,MockPermissions.allow
FNDA:285,MockPermissions.allow
DA:14,285
DA:17,0
FN:17,MockPermissions.disallow
FNDA:0,MockPermissions.disallow
DA:18,0
FNF:3
FNH:2
LF:6
LH:4
BRF:0
BRH:0
end_of_record
TN:
SF:contracts/mocks/MockUSDC.sol
DA:7,57
FN:7,MockUSDC.constructor
FNDA:57,MockUSDC.constructor
DA:8,57
DA:11,171
FN:11,MockUSDC.decimals
FNDA:171,MockUSDC.decimals
DA:12,171
DA:15,24896
FN:15,MockUSDC.mint
FNDA:24896,MockUSDC.mint
DA:16,24896
FNF:3
FNH:3
LF:6
LH:6
BRF:0
BRH:0
end_of_record
TN:
SF:contracts/mocks/gnosisSafe.sol
DA:16,57
FN:16,TestSafe.constructor
FNDA:57,TestSafe.constructor
DA:17,57
DA:20,0
FN:20,TestSafe.enableModule
FNDA:0,TestSafe.enableModule
DA:21,0
DA:24,0
FN:24,TestSafe.disableModule
FNDA:0,TestSafe.disableModule
DA:25,0
DA:28,0
FN:28,TestSafe.isModuleEnabled
FNDA:0,TestSafe.isModuleEnabled
DA:29,0
BRDA:29,0,0,-
BRDA:29,0,1,-
DA:30,0
DA:32,0
DA:36,0
FN:36,TestSafe.execTransactionFromModule
FNDA:0,TestSafe.execTransactionFromModule
DA:42,0
BRDA:42,1,0,-
BRDA:42,1,1,-
DA:43,0
BRDA:43,2,0,-
BRDA:43,2,1,-
DA:44,0
DA:47,0
FN:47,TestSafe.onERC721Received
FNDA:0,TestSafe.onERC721Received
DA:53,0
FNF:6
FNH:1
LF:16
LH:2
BRF:6
BRH:0
end_of_record
TN:
SF:test/foundry/CommonSetup.t.sol
DA:53,57
FN:53,CommonSetup.setUp
FNDA:57,CommonSetup.setUp
DA:54,57
DA:55,57
DA:56,57
DA:57,57
DA:58,57
DA:59,57
DA:60,57
DA:61,57
DA:62,57
DA:63,57
DA:64,57
DA:65,57
DA:68,57
DA:69,57
DA:70,57
DA:71,57
DA:73,57
DA:75,57
DA:76,57
DA:78,57
DA:79,57
DA:80,57
DA:82,57
DA:83,57
DA:84,57
DA:87,0
FN:87,CommonSetup.permitUser
FNDA:0,CommonSetup.permitUser
DA:88,0
DA:89,0
BRDA:89,0,0,-
DA:90,0
DA:92,0
BRDA:92,1,0,-
DA:93,0
DA:94,0
DA:95,0
DA:96,0
DA:100,0
FN:100,CommonSetup.createClaim
FNDA:0,CommonSetup.createClaim
DA:106,0
DA:107,0
DA:108,0
DA:114,0
FNF:3
FNH:1
LF:40
LH:26
BRF:2
BRH:0
end_of_record
TN:
SF:test/foundry/FundManager/Invariant.t.sol
DA:37,4
FN:37,Handler.constructor
FNDA:4,Handler.constructor
DA:38,4
DA:39,4
DA:41,4
DA:42,4
DA:43,4
DA:45,4
DA:47,4
DA:48,80
DA:49,80
DA:51,80
DA:52,80
DA:54,80
DA:55,80
DA:59,1215
FN:59,Handler.useActor
FNDA:1215,Handler.useActor
DA:60,1215
DA:61,1215
DA:63,1215
DA:80,1215
FN:80,Handler.investorDeposits
FNDA:1215,Handler.investorDeposits
DA:82,1215
DA:83,1215
DA:88,182
DA:90,182
DA:92,182
DA:94,182
DA:97,182
DA:100,1214
FN:100,Handler.userGoesInsolvent
FNDA:1214,Handler.userGoesInsolvent
DA:102,1214
DA:103,1214
DA:106,338
DA:109,1135
FN:109,Handler.ownerCapitalCalls
FNDA:1135,Handler.ownerCapitalCalls
DA:111,1135
DA:112,1135
DA:115,704
DA:117,704
DA:118,704
DA:120,689
DA:123,1245
FN:123,Handler.ownerTransfersOwnership
FNDA:1245,Handler.ownerTransfersOwnership
DA:124,1245
DA:126,1245
DA:127,1245
DA:130,1245
DA:133,1344
FN:133,Handler.ownerSetsCapitalCaller
FNDA:1344,Handler.ownerSetsCapitalCaller
DA:134,1344
DA:135,1344
DA:138,1344
DA:141,1202
FN:141,Handler.ownerSetsMinInvestment
FNDA:1202,Handler.ownerSetsMinInvestment
DA:143,1202
DA:144,1202
DA:145,1202
DA:148,1202
DA:149,1202
DA:152,1146
FN:152,Handler.ownerPausesCommitments
FNDA:1146,Handler.ownerPausesCommitments
DA:153,1146
DA:154,1146
DA:156,1146
DA:158,1146
DA:161,1243
FN:161,Handler.ownerBlocklistsInvestor
FNDA:1243,Handler.ownerBlocklistsInvestor
DA:162,1243
DA:165,1243
DA:166,1243
DA:168,335
DA:169,335
DA:171,335
FNF:10
FNH:10
LF:64
LH:64
BRF:0
BRH:0
end_of_record
TN:
SF:test/foundry/FundManager/Spec.t.sol
DA:17,27
FN:17,BaseFactoringFundManagerSpecTestSetup.setUp
FNDA:27,BaseFactoringFundManagerSpecTestSetup.setUp
DA:18,0
DA:21,27
DA:26,27
DA:27,27
DA:35,23573
FN:35,BaseFactoringFundManagerSpecTestSetup._allowlistInvestor
FNDA:23573,BaseFactoringFundManagerSpecTestSetup._allowlistInvestor
DA:36,23573
DA:37,23573
DA:38,23573
DA:42,0
FN:42,BaseFactoringFundManagerSpecTestSetup._allowlistInvestors
FNDA:0,BaseFactoringFundManagerSpecTestSetup._allowlistInvestors
DA:43,0
DA:44,0
DA:45,0
DA:47,0
DA:51,24597
FN:51,BaseFactoringFundManagerSpecTestSetup._mintUSDC
FNDA:24597,BaseFactoringFundManagerSpecTestSetup._mintUSDC
DA:52,24597
DA:56,24597
FN:56,BaseFactoringFundManagerSpecTestSetup._approveUSDC
FNDA:24597,BaseFactoringFundManagerSpecTestSetup._approveUSDC
DA:57,24597
DA:58,24597
DA:62,17426
FN:62,BaseFactoringFundManagerSpecTestSetup._commitInvestments
FNDA:17426,BaseFactoringFundManagerSpecTestSetup._commitInvestments
DA:63,17426
DA:64,17426
DA:66,17426
DA:67,17426
DA:71,4100
FN:71,BaseFactoringFundManagerSpecTestSetup._goInsolvent
FNDA:4100,BaseFactoringFundManagerSpecTestSetup._goInsolvent
DA:72,4100
DA:73,4100
DA:74,4100
DA:78,0
FN:78,BaseFactoringFundManagerSpecTestSetup._capitalCall
FNDA:0,BaseFactoringFundManagerSpecTestSetup._capitalCall
DA:79,0
DA:80,0
DA:83,22548
FN:83,BaseFactoringFundManagerSpecTestSetup._getRandomApprovedInvestor
FNDA:22548,BaseFactoringFundManagerSpecTestSetup._getRandomApprovedInvestor
DA:84,22548
DA:85,22548
DA:86,22548
DA:87,22548
BRDA:87,0,0,22548
DA:89,0
FNF:9
FNH:7
LF:37
LH:27
BRF:1
BRH:1
end_of_record
